<?xml version="1.0" encoding="UTF-8"?>
<testng-results skipped="0" failed="0" ignored="0" total="1" passed="1">
  <reporter-output>
  </reporter-output>
  <suite name="Default suite" duration-ms="64679" started-at="2020-03-31T15:07:01 EDT" finished-at="2020-03-31T15:08:06 EDT">
    <groups>
    </groups>
    <test name="Default test" duration-ms="64679" started-at="2020-03-31T15:07:01 EDT" finished-at="2020-03-31T15:08:06 EDT">
      <class name="test.Test_NG_Demo">
        <test-method status="PASS" signature="setupTest()[pri:0, instance:test.Test_NG_Demo@130f889]" name="setupTest" is-config="true" duration-ms="1669" started-at="2020-03-31T15:07:01 EDT" finished-at="2020-03-31T15:07:03 EDT">
          <reporter-output>
          </reporter-output>
        </test-method> <!-- setupTest -->
        <test-method status="PASS" signature="googelSearch()[pri:0, instance:test.Test_NG_Demo@130f889]" name="googelSearch" duration-ms="62864" started-at="2020-03-31T15:07:03 EDT" finished-at="2020-03-31T15:08:05 EDT">
          <reporter-output>
          </reporter-output>
        </test-method> <!-- googelSearch -->
        <test-method status="PASS" signature="tearDownTest()[pri:0, instance:test.Test_NG_Demo@130f889]" name="tearDownTest" is-config="true" duration-ms="115" started-at="2020-03-31T15:08:05 EDT" finished-at="2020-03-31T15:08:06 EDT">
          <reporter-output>
          </reporter-output>
        </test-method> <!-- tearDownTest -->
      </class> <!-- test.Test_NG_Demo -->
    </test> <!-- Default test -->
  </suite> <!-- Default suite -->
</testng-results>
